生成启动时间为 2016/11/29 13:31:03。
     1>项目“C:\Users\el\Documents\OpenGL_test\GLProject_Shadow\GLProject_model\GLProject_model.vcxproj”在节点 2 上(Build 个目标)。
     1>C:\Program Files (x86)\MSBuild\Microsoft.Cpp\v4.0\V120\Microsoft.CppBuild.targets(357,5): warning MSB8004: Output Directory does not end with a trailing slash.  This build instance will add the slash as it is required to allow proper evaluation of the Output Directory.
     1>ClCompile:
         C:\Program Files (x86)\Microsoft Visual Studio 12.0\VC\bin\CL.exe /c /ZI /nologo /W3 /WX- /sdl /Od /Oy- /D _MBCS /Gm /EHsc /RTC1 /MDd /GS /fp:precise /Zc:wchar_t /Zc:forScope /Fo"Debug\\" /Fd"Debug\vc120.pdb" /Gd /TP /analyze- /errorReport:prompt main.cpp
         main.cpp
     1>c:\users\el\documents\opengl_test\glproject_shadow\glproject_model\main.cpp(71): warning C4244: “初始化”: 从“double”转换到“GLfloat”，可能丢失数据
     1>c:\users\el\documents\opengl_test\glproject_shadow\glproject_model\main.cpp(72): warning C4244: “初始化”: 从“double”转换到“GLfloat”，可能丢失数据
     1>c:\users\el\documents\opengl_test\glproject_shadow\glproject_model\main.cpp(76): warning C4244: “=”: 从“double”转换到“GLfloat”，可能丢失数据
     1>c:\users\el\documents\opengl_test\glproject_shadow\glproject_model\main.cpp(281): warning C4244: “参数”: 从“const GLint”转换到“GLfloat”，可能丢失数据
     1>c:\users\el\documents\opengl_test\glproject_shadow\glproject_model\main.cpp(281): warning C4316: “CMyCamera”: 在堆上分配的对象可能不是对齐 16
     1>c:\users\el\documents\opengl_test\glproject_shadow\glproject_model\main.cpp(365): warning C4244: “参数”: 从“double”转换到“unsigned int”，可能丢失数据
     1>c:\users\el\documents\opengl_test\glproject_shadow\glproject_model\main.cpp(366): warning C4018: “<”: 有符号/无符号不匹配
     1>c:\users\el\documents\opengl_test\glproject_shadow\glproject_model\main.cpp(368): warning C4316: “CMyBox”: 在堆上分配的对象可能不是对齐 16
       Link:
         C:\Program Files (x86)\Microsoft Visual Studio 12.0\VC\bin\link.exe /ERRORREPORT:PROMPT /OUT:"..\bin\GLProject_Shadow.exe" /INCREMENTAL /NOLOGO glew32s.lib glfw3.lib SOIL.lib opengl32.lib assimpd.lib kernel32.lib user32.lib gdi32.lib winspool.lib comdlg32.lib advapi32.lib shell32.lib ole32.lib oleaut32.lib uuid.lib odbc32.lib odbccp32.lib /MANIFEST /MANIFESTUAC:"level='asInvoker' uiAccess='false'" /manifest:embed /DEBUG /PDB:"..\bin\GLProject_Shadow.pdb" /TLBID:1 /DYNAMICBASE /NXCOMPAT /IMPLIB:"..\bin\GLProject_Shadow.lib" /MACHINE:X86 Debug\main.obj
         Debug\MyBox.obj
         Debug\MyCamera.obj
         Debug\MyCube.obj
         Debug\MyMesh.obj
         Debug\MyModel.obj
         Debug\MyShader.obj
         GLProject_model.vcxproj -> C:\Users\el\Documents\OpenGL_test\GLProject_Shadow\GLProject_model\..\bin\GLProject_Shadow.exe
     1>已完成生成项目“C:\Users\el\Documents\OpenGL_test\GLProject_Shadow\GLProject_model\GLProject_model.vcxproj”(Build 个目标)的操作。

生成成功。

已用时间 00:00:02.04
